<?xml version="1.0" encoding="UTF-8"?>
<!-- Generated by org.testng.reporters.JUnitReportReporter -->
<testsuite hostname="DESKTOP-7VCDQC7" failures="0" tests="4" name="api.test.UserTests" time="5.342" errors="0" timestamp="2023-12-04T21:51:14 GMT-06:00" skipped="0">
  <testcase classname="api.test.UserTests" name="testCreateUser" time="4.323"/>
  <testcase classname="api.test.UserTests" name="testGetUser" time="0.370"/>
  <testcase classname="api.test.UserTests" name="testUpdateUser" time="0.324"/>
  <testcase classname="api.test.UserTests" name="testDeleteUser" time="0.325"/>
</testsuite> <!-- api.test.UserTests -->
