<?xml version="1.0" encoding="UTF-8"?>
<!-- Generated by org.testng.reporters.JUnitReportReporter -->
<testsuite hostname="DESKTOP-7VCDQC7" failures="0" tests="4" name="api.test.UserTests" time="6.682" errors="0" timestamp="2023-12-05T08:08:54 GMT-06:00" skipped="0">
  <testcase classname="api.test.UserTests" name="testCreateUser" time="5.553"/>
  <testcase classname="api.test.UserTests" name="testGetUser" time="0.400"/>
  <testcase classname="api.test.UserTests" name="testUpdateUser" time="0.379"/>
  <testcase classname="api.test.UserTests" name="testDeleteUser" time="0.350"/>
</testsuite> <!-- api.test.UserTests -->
